[4.108s] DEBUG:colcon:Command line arguments: ['/usr/bin/colcon', 'build', '--symlink-install', '--packages-select', 'learning_tf2_py']
[4.108s] DEBUG:colcon:Parsed command line arguments: Namespace(allow_overriding=[], ament_cmake_args=None, base_paths=['.'], build_base='build', catkin_cmake_args=None, catkin_skip_building_tests=False, cmake_args=None, cmake_clean_cache=False, cmake_clean_first=False, cmake_force_configure=False, cmake_target=None, cmake_target_skip_unavailable=False, continue_on_error=False, event_handlers=None, executor='parallel', ignore_user_meta=False, install_base='install', log_base=None, log_level=None, main=<bound method BuildVerb.main of <colcon_core.verb.build.BuildVerb object at 0xffff8420ddf0>>, merge_install=False, metas=['./colcon.meta'], packages_above=None, packages_above_and_dependencies=None, packages_above_depth=None, packages_end=None, packages_ignore=None, packages_ignore_regex=None, packages_select=['learning_tf2_py'], packages_select_build_failed=False, packages_select_by_dep=None, packages_select_regex=None, packages_select_test_failures=False, packages_skip=None, packages_skip_build_finished=False, packages_skip_by_dep=None, packages_skip_regex=None, packages_skip_test_passed=False, packages_skip_up_to=None, packages_start=None, packages_up_to=None, packages_up_to_regex=None, parallel_workers=4, paths=None, symlink_install=True, test_result_base=None, verb_extension=<colcon_core.verb.build.BuildVerb object at 0xffff8420ddf0>, verb_name='build', verb_parser=<colcon_defaults.argument_parser.defaults.DefaultArgumentsDecorator object at 0xffff8425c940>)
[4.304s] Level 1:colcon.colcon_core.package_discovery:discover_packages(colcon_meta) check parameters
[4.304s] Level 1:colcon.colcon_core.package_discovery:discover_packages(recursive) check parameters
[4.304s] Level 1:colcon.colcon_core.package_discovery:discover_packages(ignore) check parameters
[4.304s] Level 1:colcon.colcon_core.package_discovery:discover_packages(path) check parameters
[4.304s] Level 1:colcon.colcon_core.package_discovery:discover_packages(colcon_meta) discover
[4.305s] Level 1:colcon.colcon_core.package_discovery:discover_packages(recursive) discover
[4.305s] INFO:colcon.colcon_core.package_discovery:Crawling recursively for packages in '/home/nvidia/nav_ws/src/learning_tf2_py'
[4.305s] Level 1:colcon.colcon_core.package_identification:_identify(.) by extensions ['ignore', 'ignore_ament_install']
[4.305s] Level 1:colcon.colcon_core.package_identification:_identify(.) by extension 'ignore'
[4.305s] Level 1:colcon.colcon_core.package_identification:_identify(.) by extension 'ignore_ament_install'
[4.305s] Level 1:colcon.colcon_core.package_identification:_identify(.) by extensions ['colcon_pkg']
[4.305s] Level 1:colcon.colcon_core.package_identification:_identify(.) by extension 'colcon_pkg'
[4.306s] Level 1:colcon.colcon_core.package_identification:_identify(.) by extensions ['colcon_meta']
[4.306s] Level 1:colcon.colcon_core.package_identification:_identify(.) by extension 'colcon_meta'
[4.306s] Level 1:colcon.colcon_core.package_identification:_identify(.) by extensions ['ros']
[4.306s] Level 1:colcon.colcon_core.package_identification:_identify(.) by extension 'ros'
[4.332s] DEBUG:colcon.colcon_core.package_identification:Package '.' with type 'ros.ament_python' and name 'learning_tf2_py'
[4.332s] Level 1:colcon.colcon_core.package_discovery:discover_packages(recursive) using defaults
[4.332s] Level 1:colcon.colcon_core.package_discovery:discover_packages(ignore) discover
[4.332s] Level 1:colcon.colcon_core.package_discovery:discover_packages(ignore) using defaults
[4.332s] Level 1:colcon.colcon_core.package_discovery:discover_packages(path) discover
[4.332s] Level 1:colcon.colcon_core.package_discovery:discover_packages(path) using defaults
[4.706s] Level 1:colcon.colcon_core.package_discovery:discover_packages(prefix_path) check parameters
[4.707s] Level 1:colcon.colcon_core.package_discovery:discover_packages(prefix_path) discover
[4.847s] DEBUG:colcon.colcon_installed_package_information.package_discovery:Found 265 installed packages in /opt/ros/foxy
[4.849s] Level 1:colcon.colcon_core.package_discovery:discover_packages(prefix_path) using defaults
[5.169s] Level 5:colcon.colcon_core.verb:set package 'learning_tf2_py' build argument 'cmake_args' from command line to 'None'
[5.169s] Level 5:colcon.colcon_core.verb:set package 'learning_tf2_py' build argument 'cmake_target' from command line to 'None'
[5.169s] Level 5:colcon.colcon_core.verb:set package 'learning_tf2_py' build argument 'cmake_target_skip_unavailable' from command line to 'False'
[5.169s] Level 5:colcon.colcon_core.verb:set package 'learning_tf2_py' build argument 'cmake_clean_cache' from command line to 'False'
[5.169s] Level 5:colcon.colcon_core.verb:set package 'learning_tf2_py' build argument 'cmake_clean_first' from command line to 'False'
[5.169s] Level 5:colcon.colcon_core.verb:set package 'learning_tf2_py' build argument 'cmake_force_configure' from command line to 'False'
[5.169s] Level 5:colcon.colcon_core.verb:set package 'learning_tf2_py' build argument 'ament_cmake_args' from command line to 'None'
[5.169s] Level 5:colcon.colcon_core.verb:set package 'learning_tf2_py' build argument 'catkin_cmake_args' from command line to 'None'
[5.169s] Level 5:colcon.colcon_core.verb:set package 'learning_tf2_py' build argument 'catkin_skip_building_tests' from command line to 'False'
[5.169s] DEBUG:colcon.colcon_core.verb:Building package 'learning_tf2_py' with the following arguments: {'ament_cmake_args': None, 'build_base': '/home/nvidia/nav_ws/src/learning_tf2_py/build/learning_tf2_py', 'catkin_cmake_args': None, 'catkin_skip_building_tests': False, 'cmake_args': None, 'cmake_clean_cache': False, 'cmake_clean_first': False, 'cmake_force_configure': False, 'cmake_target': None, 'cmake_target_skip_unavailable': False, 'install_base': '/home/nvidia/nav_ws/src/learning_tf2_py/install/learning_tf2_py', 'merge_install': False, 'path': '/home/nvidia/nav_ws/src/learning_tf2_py', 'symlink_install': True, 'test_result_base': None}
[5.237s] INFO:colcon.colcon_core.executor:Executing jobs using 'parallel' executor
[5.307s] DEBUG:colcon.colcon_parallel_executor.executor.parallel:run_until_complete
[5.308s] INFO:colcon.colcon_ros.task.ament_python.build:Building ROS package in '/home/nvidia/nav_ws/src/learning_tf2_py' with build type 'ament_python'
[5.308s] Level 1:colcon.colcon_core.shell:create_environment_hook('learning_tf2_py', 'ament_prefix_path')
[5.391s] INFO:colcon.colcon_core.plugin_system:Skipping extension 'colcon_core.shell.bat': Not used on non-Windows systems
[5.391s] INFO:colcon.colcon_core.shell:Creating environment hook '/home/nvidia/nav_ws/src/learning_tf2_py/install/learning_tf2_py/share/learning_tf2_py/hook/ament_prefix_path.ps1'
[5.393s] INFO:colcon.colcon_core.shell:Creating environment descriptor '/home/nvidia/nav_ws/src/learning_tf2_py/install/learning_tf2_py/share/learning_tf2_py/hook/ament_prefix_path.dsv'
[5.394s] INFO:colcon.colcon_core.shell:Creating environment hook '/home/nvidia/nav_ws/src/learning_tf2_py/install/learning_tf2_py/share/learning_tf2_py/hook/ament_prefix_path.sh'
[5.467s] INFO:colcon.colcon_core.shell:Skip shell extension 'powershell' for command environment: Not usable outside of PowerShell
[5.468s] DEBUG:colcon.colcon_core.shell:Skip shell extension 'dsv' for command environment
[6.068s] INFO:colcon.colcon_core.task.python.build:Building Python package in '/home/nvidia/nav_ws/src/learning_tf2_py'
[6.142s] INFO:colcon.colcon_core.shell:Skip shell extension 'powershell' for command environment: Not usable outside of PowerShell
[6.142s] DEBUG:colcon.colcon_core.shell:Skip shell extension 'dsv' for command environment
[7.107s] DEBUG:colcon.colcon_core.event_handler.log_command:Invoking command in '/home/nvidia/nav_ws/src/learning_tf2_py/build/learning_tf2_py': PYTHONPATH=/home/nvidia/nav_ws/src/learning_tf2_py/build/learning_tf2_py/prefix_override:/home/nvidia/nav_ws/src/learning_tf2_py/install/learning_tf2_py/lib/python3.8/site-packages:${PYTHONPATH} /usr/bin/python3 setup.py develop --editable --build-directory /home/nvidia/nav_ws/src/learning_tf2_py/build/learning_tf2_py/build --no-deps install_data
[8.062s] Level 1:colcon.colcon_core.shell:create_environment_hook('learning_tf2_py', 'pythonpath_develop')
[8.063s] DEBUG:colcon.colcon_core.event_handler.log_command:Invoked command in '/home/nvidia/nav_ws/src/learning_tf2_py/build/learning_tf2_py' returned '0': PYTHONPATH=/home/nvidia/nav_ws/src/learning_tf2_py/build/learning_tf2_py/prefix_override:/home/nvidia/nav_ws/src/learning_tf2_py/install/learning_tf2_py/lib/python3.8/site-packages:${PYTHONPATH} /usr/bin/python3 setup.py develop --editable --build-directory /home/nvidia/nav_ws/src/learning_tf2_py/build/learning_tf2_py/build --no-deps install_data
[8.149s] INFO:colcon.colcon_core.shell:Creating environment hook '/home/nvidia/nav_ws/src/learning_tf2_py/build/learning_tf2_py/share/learning_tf2_py/hook/pythonpath_develop.ps1'
[8.152s] INFO:colcon.colcon_core.shell:Creating environment descriptor '/home/nvidia/nav_ws/src/learning_tf2_py/build/learning_tf2_py/share/learning_tf2_py/hook/pythonpath_develop.dsv'
[8.153s] INFO:colcon.colcon_core.shell:Creating environment hook '/home/nvidia/nav_ws/src/learning_tf2_py/build/learning_tf2_py/share/learning_tf2_py/hook/pythonpath_develop.sh'
[8.243s] Level 1:colcon.colcon_core.environment:checking '/home/nvidia/nav_ws/src/learning_tf2_py/install/learning_tf2_py' for CMake module files
[8.244s] Level 1:colcon.colcon_core.environment:checking '/home/nvidia/nav_ws/src/learning_tf2_py/install/learning_tf2_py' for CMake config files
[8.245s] Level 1:colcon.colcon_core.environment:checking '/home/nvidia/nav_ws/src/learning_tf2_py/install/learning_tf2_py/lib'
[8.246s] Level 1:colcon.colcon_core.environment:checking '/home/nvidia/nav_ws/src/learning_tf2_py/install/learning_tf2_py/bin'
[8.246s] Level 1:colcon.colcon_core.environment:checking '/home/nvidia/nav_ws/src/learning_tf2_py/install/learning_tf2_py/lib/pkgconfig/learning_tf2_py.pc'
[8.246s] Level 1:colcon.colcon_core.environment:checking '/home/nvidia/nav_ws/src/learning_tf2_py/install/learning_tf2_py/lib/python3.8/site-packages'
[8.246s] Level 1:colcon.colcon_core.shell:create_environment_hook('learning_tf2_py', 'pythonpath')
[8.319s] INFO:colcon.colcon_core.shell:Creating environment hook '/home/nvidia/nav_ws/src/learning_tf2_py/install/learning_tf2_py/share/learning_tf2_py/hook/pythonpath.ps1'
[8.321s] INFO:colcon.colcon_core.shell:Creating environment descriptor '/home/nvidia/nav_ws/src/learning_tf2_py/install/learning_tf2_py/share/learning_tf2_py/hook/pythonpath.dsv'
[8.321s] INFO:colcon.colcon_core.shell:Creating environment hook '/home/nvidia/nav_ws/src/learning_tf2_py/install/learning_tf2_py/share/learning_tf2_py/hook/pythonpath.sh'
[8.322s] Level 1:colcon.colcon_core.environment:checking '/home/nvidia/nav_ws/src/learning_tf2_py/install/learning_tf2_py/bin'
[8.322s] Level 1:colcon.colcon_core.environment:create_environment_scripts_only(learning_tf2_py)
[8.395s] INFO:colcon.colcon_core.shell:Creating package script '/home/nvidia/nav_ws/src/learning_tf2_py/install/learning_tf2_py/share/learning_tf2_py/package.ps1'
[8.398s] INFO:colcon.colcon_core.shell:Creating package descriptor '/home/nvidia/nav_ws/src/learning_tf2_py/install/learning_tf2_py/share/learning_tf2_py/package.dsv'
[8.399s] INFO:colcon.colcon_core.shell:Creating package script '/home/nvidia/nav_ws/src/learning_tf2_py/install/learning_tf2_py/share/learning_tf2_py/package.sh'
[8.401s] INFO:colcon.colcon_core.shell:Creating package script '/home/nvidia/nav_ws/src/learning_tf2_py/install/learning_tf2_py/share/learning_tf2_py/package.bash'
[8.403s] INFO:colcon.colcon_core.shell:Creating package script '/home/nvidia/nav_ws/src/learning_tf2_py/install/learning_tf2_py/share/learning_tf2_py/package.zsh'
[8.404s] Level 1:colcon.colcon_core.environment:create_file_with_runtime_dependencies(/home/nvidia/nav_ws/src/learning_tf2_py/install/learning_tf2_py/share/colcon-core/packages/learning_tf2_py)
[8.405s] DEBUG:colcon.colcon_parallel_executor.executor.parallel:closing loop
[8.406s] DEBUG:colcon.colcon_parallel_executor.executor.parallel:loop closed
[8.407s] DEBUG:colcon.colcon_parallel_executor.executor.parallel:run_until_complete finished with '0'
[8.407s] DEBUG:colcon.colcon_core.event_reactor:joining thread
[8.508s] INFO:colcon.colcon_core.plugin_system:Skipping extension 'colcon_notification.desktop_notification.terminal_notifier': Not used on non-Darwin systems
[8.508s] INFO:colcon.colcon_core.plugin_system:Skipping extension 'colcon_notification.desktop_notification.win32': Not used on non-Windows systems
[8.508s] INFO:colcon.colcon_notification.desktop_notification:Sending desktop notification using 'notify2'
[8.557s] DEBUG:colcon.colcon_core.event_reactor:joined thread
[8.643s] INFO:colcon.colcon_core.shell:Creating prefix script '/home/nvidia/nav_ws/src/learning_tf2_py/install/local_setup.ps1'
[8.646s] INFO:colcon.colcon_core.shell:Creating prefix util module '/home/nvidia/nav_ws/src/learning_tf2_py/install/_local_setup_util_ps1.py'
[8.654s] INFO:colcon.colcon_core.shell:Creating prefix chain script '/home/nvidia/nav_ws/src/learning_tf2_py/install/setup.ps1'
[8.740s] INFO:colcon.colcon_core.shell:Creating prefix script '/home/nvidia/nav_ws/src/learning_tf2_py/install/local_setup.sh'
[8.742s] INFO:colcon.colcon_core.shell:Creating prefix util module '/home/nvidia/nav_ws/src/learning_tf2_py/install/_local_setup_util_sh.py'
[8.744s] INFO:colcon.colcon_core.shell:Creating prefix chain script '/home/nvidia/nav_ws/src/learning_tf2_py/install/setup.sh'
[8.837s] INFO:colcon.colcon_core.shell:Creating prefix script '/home/nvidia/nav_ws/src/learning_tf2_py/install/local_setup.bash'
[8.839s] INFO:colcon.colcon_core.shell:Creating prefix chain script '/home/nvidia/nav_ws/src/learning_tf2_py/install/setup.bash'
[8.930s] INFO:colcon.colcon_core.shell:Creating prefix script '/home/nvidia/nav_ws/src/learning_tf2_py/install/local_setup.zsh'
[8.944s] INFO:colcon.colcon_core.shell:Creating prefix chain script '/home/nvidia/nav_ws/src/learning_tf2_py/install/setup.zsh'
